<?xml version="1.0" encoding="UTF-8"?>
<!-- Generated by org.testng.reporters.JUnitReportReporter -->
<testsuite hostname="Rishabh" failures="0" tests="1" name="testcases.LoginTest_Page1" time="10.463" errors="0" timestamp="2024-06-20T14:12:49 IST" skipped="0">
  <testcase classname="testcases.LoginTest_Page1" name="loginToApplicationTest" time="10.463"/>
  <system-out>
    <![CDATA[Login Successful= https://www.saucedemo.com/inventory.html]]>
  </system-out>
</testsuite> <!-- testcases.LoginTest_Page1 -->
