<?xml version="1.0" encoding="UTF-8"?>
<!-- Generated by org.testng.reporters.JUnitReportReporter -->
<testsuite hostname="Rishabh" failures="0" tests="1" name="testcases.CartPage_Test" time="13.249" errors="0" timestamp="2024-06-12T07:01:26 IST" skipped="0">
  <testcase classname="testcases.CartPage_Test" name="shoppingbtnClickTest" time="13.249"/>
  <system-out/>
</testsuite> <!-- testcases.CartPage_Test -->
