<?xml version="1.0" encoding="UTF-8"?>
<!-- Generated by org.testng.reporters.JUnitReportReporter -->
<testsuite hostname="Rishabh" failures="0" tests="1" name="testcases.LoginTest_Page1" time="25.893" errors="0" timestamp="2024-06-27T17:41:22 IST" skipped="0">
  <testcase classname="testcases.LoginTest_Page1" name="verifyURLOfApplicationTest" time="25.893"/>
  <system-out>
    <![CDATA[The URL of SWag lab = https://www.saucedemo.com/]]>
  </system-out>
</testsuite> <!-- testcases.LoginTest_Page1 -->
