<?xml version="1.0" encoding="UTF-8"?>
<!-- Generated by org.testng.reporters.JUnitReportReporter -->
<testsuite hostname="Rishabh" failures="0" tests="2" name="testcases.LoginPage_Test" time="23.245" errors="0" timestamp="2024-06-08T08:21:42 IST" skipped="0">
  <testcase classname="testcases.LoginPage_Test" name="verifyURLOfApplicationTest" time="19.659"/>
  <system-out/>
  <testcase classname="testcases.LoginPage_Test" name="verifyTitleOfApplicationTest" time="3.586"/>
  <system-out/>
</testsuite> <!-- testcases.LoginPage_Test -->
