<?xml version="1.0" encoding="UTF-8"?>
<!-- Generated by org.testng.reporters.JUnitReportReporter -->
<testsuite hostname="Rishabh" failures="0" tests="1" name="testcases.Inventory_Page_Test1" time="9.471" errors="0" timestamp="2024-06-12T19:56:43 IST" skipped="0">
  <testcase classname="testcases.Inventory_Page_Test1" name="verifyCartPageTitle" time="9.471"/>
  <system-out>
    <![CDATA[Cart Page URL = Products]]>
  </system-out>
</testsuite> <!-- testcases.Inventory_Page_Test1 -->
