<?xml version="1.0" encoding="UTF-8"?>
<!-- Generated by org.testng.reporters.JUnitReportReporter -->
<testsuite hostname="Rishabh" failures="0" tests="1" name="testcases.LoginPage2_Test" time="10.923" errors="0" timestamp="2024-06-20T14:25:40 IST" skipped="0">
  <testcase classname="testcases.LoginPage2_Test" name="loginToApplicationTest" time="10.923"/>
  <system-out>
    <![CDATA[After Login URL =https://www.saucedemo.com/inventory.html]]>
  </system-out>
</testsuite> <!-- testcases.LoginPage2_Test -->
