<?xml version="1.0" encoding="UTF-8"?>
<!-- Generated by org.testng.reporters.JUnitReportReporter -->
<testsuite hostname="Rishabh" failures="0" tests="1" name="testCases.Inventory_Page_Test" time="4.885" errors="0" timestamp="2024-06-20T13:27:27 IST" skipped="0">
  <testcase classname="testCases.Inventory_Page_Test" name="verifyTwitterLogoTest" time="4.885"/>
  <system-out>
    <![CDATA[Twitter Logo is present= true]]>
  </system-out>
</testsuite> <!-- testCases.Inventory_Page_Test -->
