<?xml version="1.0" encoding="UTF-8"?>
<!-- Generated by org.testng.reporters.JUnitReportReporter -->
<testsuite hostname="Rishabh" failures="0" tests="6" name="testCases.Checkout_Complete_Page_Test" time="57.208" errors="0" timestamp="2024-06-13T18:10:12 IST" skipped="0">
  <testcase classname="testCases.Checkout_Complete_Page_Test" name="verifyParagraphTxt" time="9.934"/>
  <system-out>
    <![CDATA[paragraph text = Your order has been dispatched, and will arrive just as fast as the pony can get there!]]>
  </system-out>
  <testcase classname="testCases.Checkout_Complete_Page_Test" name="verifyCompletePageTitle" time="13.793"/>
  <system-out>
    <![CDATA[CompletePage Title = Checkout: Complete!]]>
  </system-out>
  <testcase classname="testCases.Checkout_Complete_Page_Test" name="verifyThankYouTxt" time="10.233"/>
  <system-out>
    <![CDATA[text = Thank you for your order!]]>
  </system-out>
  <testcase classname="testCases.Checkout_Complete_Page_Test" name="verifyBackHomebtn" time="7.993"/>
  <system-out>
    <![CDATA[after clicking backhome btn  redricted to URL = https://www.saucedemo.com/inventory.html]]>
  </system-out>
  <testcase classname="testCases.Checkout_Complete_Page_Test" name="verifyCompletepageURL" time="7.827"/>
  <system-out>
    <![CDATA[Complete page URL = https://www.saucedemo.com/checkout-complete.html]]>
  </system-out>
  <testcase classname="testCases.Checkout_Complete_Page_Test" name="verifyImage" time="7.428"/>
  <system-out>
    <![CDATA[image is present = true]]>
  </system-out>
</testsuite> <!-- testCases.Checkout_Complete_Page_Test -->
