<?xml version="1.0" encoding="UTF-8"?>
<!-- Generated by org.testng.reporters.JUnitReportReporter -->
<testsuite hostname="Rishabh" failures="0" tests="1" name="testCases.LoginPage_Test" time="16.249" errors="0" timestamp="2024-06-20T14:06:16 IST" skipped="0">
  <testcase classname="testCases.LoginPage_Test" name="loginToApplicationTest" time="16.249"/>
  <system-out>
    <![CDATA[Login Successful= https://www.saucedemo.com/inventory.html]]>
  </system-out>
</testsuite> <!-- testCases.LoginPage_Test -->
