<?xml version="1.0" encoding="UTF-8"?>
<!-- Generated by org.testng.reporters.JUnitReportReporter -->
<testsuite hostname="Rishabh" failures="0" tests="1" name="testCases.Check_Out_Step_One_Page_Test" time="16.621" errors="0" timestamp="2024-06-13T07:15:21 IST" skipped="0">
  <testcase classname="testCases.Check_Out_Step_One_Page_Test" name="verifyYourInfoTxtTest" time="16.621"/>
  <system-out>
    <![CDATA[Checkout page 1 txt = Checkout: Your Information]]>
  </system-out>
</testsuite> <!-- testCases.Check_Out_Step_One_Page_Test -->
