<?xml version="1.0" encoding="UTF-8"?>
<!-- Generated by org.testng.reporters.JUnitReportReporter -->
<testsuite hostname="Rishabh" failures="0" tests="1" name="testCases.Cart_Page_Test" time="7.521" errors="0" timestamp="2024-06-12T21:06:45 IST" skipped="0">
  <testcase classname="testCases.Cart_Page_Test" name="verifyPageURLTest" time="7.521"/>
  <system-out>
    <![CDATA[cart page URL = https://www.saucedemo.com/cart.html]]>
  </system-out>
</testsuite> <!-- testCases.Cart_Page_Test -->
